*** Using Compiler 'V5.06 update 7 (build 960)', folder: 'F:\keil5\ARM\ARMCC\Bin'
Rebuild target 'Test_H7'
assembling startup_stm32h750xx.s...
compiling FDCAN_Receive.c...
compiling armlib_lock_glue.c...
compiling dma.c...
compiling gpio.c...
compiling tim.c...
compiling rng.c...
compiling fdcan.c...
compiling spi.c...
compiling freertos.c...
compiling main.c...
compiling stm32h7xx_hal_timebase_tim.c...
compiling stm32h7xx_hal_cortex.c...
compiling stm32h7xx_hal_msp.c...
compiling usart.c...
../Core/Src/usart.c(730): warning:  #260-D: explicit type is missing ("int" assumed)
   _sys_exit(int x)     //定义_sys_exit()以避免使用半主机模式 
../Core/Src/usart.c: 1 warning, 0 errors
compiling stm32h7xx_hal_flash.c...
compiling stm32h7xx_it.c...
compiling stm32h7xx_hal_rcc.c...
compiling stm32h7xx_hal_rcc_ex.c...
compiling stm32h7xx_hal_gpio.c...
compiling stm32h7xx_hal_hsem.c...
compiling stm32h7xx_hal_flash_ex.c...
compiling stm32h7xx_hal_pwr.c...
compiling stm32h7xx_hal_mdma.c...
compiling stm32h7xx_hal_dma_ex.c...
compiling stm32h7xx_hal_pwr_ex.c...
compiling stm32h7xx_hal_dma.c...
compiling stm32h7xx_hal_i2c_ex.c...
compiling stm32h7xx_hal.c...
compiling stm32h7xx_hal_rng.c...
compiling stm32h7xx_hal_exti.c...
compiling stm32h7xx_hal_i2c.c...
compiling stm32h7xx_hal_fdcan.c...
compiling stm32h7xx_hal_rng_ex.c...
compiling sfud.c...
compiling sfud_sfdp.c...
compiling stm32h7xx_hal_spi.c...
compiling croutine.c...
compiling event_groups.c...
compiling list.c...
compiling queue.c...
compiling stream_buffer.c...
compiling tasks.c...
compiling timers.c...
compiling cmsis_os.c...
compiling heap_4.c...
compiling port.c...
compiling stm32h7xx_hal_spi_ex.c...
compiling stm32h7xx_hal_uart_ex.c...
compiling stm32h7xx_hal_tim_ex.c...
compiling stm32h7xx_hal_tim.c...
compiling system_stm32h7xx.c...
compiling stm32h7xx_hal_uart.c...
compiling sfud_port.c...
compiling Task_Fire.c...
compiling Task_Detect.c...
compiling Task_LED.c...
compiling Task_Chassis.c...
..\TASK\Task_Chassis\Task_Chassis.c(392): warning:  #940-D: missing return statement at end of non-void function "automatic_Enemy_color" 
  }
..\TASK\Task_Chassis\Task_Chassis.c: 1 warning, 0 errors
compiling Task_AboveGimbal.c...
..\TASK\Task_AboveGimbal\Task_AboveGimbal.c(174): warning:  #1-D: last line of file ends without a newline
  }
..\TASK\Task_AboveGimbal\Task_AboveGimbal.c(136): warning:  #177-D: function "Above_gimbal_controlwork"  was declared but never referenced
   static void Above_gimbal_controlwork(gimbal_control_t *gimbal_task_control)
..\TASK\Task_AboveGimbal\Task_AboveGimbal.c: 2 warnings, 0 errors
compiling Task_Gimbal.c...
..\TASK\Task_Gimbal\Task_Gimbal.c(30): warning:  #550-D: variable "pitch_angle_init_flag"  was set but never used
  static uint16_t pitch_angle_init_flag = 0;		// 标志位，初始化电机码盘用的
..\TASK\Task_Gimbal\Task_Gimbal.c(103): warning:  #177-D: function "gimbal_pitch_init"  was declared but never referenced
  static void gimbal_pitch_init(void)
..\TASK\Task_Gimbal\Task_Gimbal.c: 2 warnings, 0 errors
compiling Task_Safe.c...
compiling chassis_app.c...
compiling gimbal_app.c...
compiling filter.c...
compiling automatic_strike.c...
compiling CAN_1_Receive.c...
compiling OLED.c...
..\Control\OLED\OLED.c(337): warning:  #1-D: last line of file ends without a newline
  }
..\Control\OLED\OLED.c: 1 warning, 0 errors
compiling CAN_2_Receive.c...
..\Control\CAN_2_Receive\CAN_2_Receive.c(109): warning:  #188-D: enumerated type mixed with another type
              Enemy_status = (Rx_Data[7]);
..\Control\CAN_2_Receive\CAN_2_Receive.c: 1 warning, 0 errors
compiling gimbal_behaviour.c...
..\Control\gimbal_behaviour\gimbal_behaviour.c(40): warning:  #177-D: variable "STANDBY_error_count"  was declared but never referenced
  static uint16_t STANDBY_error_count = 0;										// 遥控通道ch[2],归零时会出现拨杆开关短暂错误
..\Control\gimbal_behaviour\gimbal_behaviour.c: 1 warning, 0 errors
compiling chassis_behaviour.c...
..\Control\chassis_behaviour\chassis_behaviour.c(196): warning:  #550-D: variable "speed_status_count2"  was set but never used
  static uint16_t 		  speed_status_count2 = 0;						// 变向时间计时
..\Control\chassis_behaviour\chassis_behaviour.c(198): warning:  #177-D: variable "chassis_register2"  was declared but never referenced
  static int32_t 	chassis_register2 = 0;							//速度记录值
..\Control\chassis_behaviour\chassis_behaviour.c(200): warning:  #177-D: variable "forward_flag"  was declared but never referenced
  static uint16_t 			forward_flag ,back_flag = 0;					// 随机模式1 强制转向标志位
..\Control\chassis_behaviour\chassis_behaviour.c(200): warning:  #177-D: variable "back_flag"  was declared but never referenced
  static uint16_t 			forward_flag ,back_flag = 0;					// 随机模式1 强制转向标志位
..\Control\chassis_behaviour\chassis_behaviour.c: 4 warnings, 0 errors
compiling RemoteControl.c...
..\Control\RemoteControl\RemoteControl.c(356): warning:  #550-D: variable "huart_state"  was set but never used
  	    HAL_StatusTypeDef huart_state;			// 记录串口接收状态
..\Control\RemoteControl\RemoteControl.c: 1 warning, 0 errors
compiling maths.c...
compiling pid.c...
compiling rmmotor.c...
compiling bsp_dwt.c...
..\SYSTEM\bsp_bwt\bsp_dwt.c(109): warning:  #1-D: last line of file ends without a newline
  }
..\SYSTEM\bsp_bwt\bsp_dwt.c(35): warning:  #550-D: variable "CYCCNT_RountCount"  was set but never used
  static uint32_t CYCCNT_RountCount;
..\SYSTEM\bsp_bwt\bsp_dwt.c(36): warning:  #550-D: variable "DWT_Timeline"  was set but never used
  static float DWT_Timeline;
..\SYSTEM\bsp_bwt\bsp_dwt.c: 3 warnings, 0 errors
compiling bsp_usart2.c...
compiling fifo_buff.c...
compiling myiic.c...
..\SYSTEM\myiic\myiic.c(170): warning:  #1-D: last line of file ends without a newline
  } 	
..\SYSTEM\myiic\myiic.c: 1 warning, 0 errors
compiling SysInit.c...
compiling words.c...
..\SYSTEM\words\words.c(111): warning:  #2548-D: multicharacter character literal (potential portability problem)
  	{	'温',
..\SYSTEM\words\words.c(116): warning:  #2548-D: multicharacter character literal (potential portability problem)
  	{ '√',
..\SYSTEM\words\words.c(121): warning:  #2548-D: multicharacter character literal (potential portability problem)
  	{ '底',
..\SYSTEM\words\words.c(126): warning:  #2548-D: multicharacter character literal (potential portability problem)
  	{ '盘',
..\SYSTEM\words\words.c(131): warning:  #2548-D: multicharacter character literal (potential portability problem)
  	{ '×',
..\SYSTEM\words\words.c(136): warning:  #2548-D: multicharacter character literal (potential portability problem)
  	{ '_',
..\SYSTEM\words\words.c(141): warning:  #2548-D: multicharacter character literal (potential portability problem)
  	{ '云',
..\SYSTEM\words\words.c(146): warning:  #2548-D: multicharacter character literal (potential portability problem)
  	{ '调',
..\SYSTEM\words\words.c(151): warning:  #2548-D: multicharacter character literal (potential portability problem)
  	{ '试',
..\SYSTEM\words\words.c(156): warning:  #2548-D: multicharacter character literal (potential portability problem)
  	{ '遥',
..\SYSTEM\words\words.c(161): warning:  #2548-D: multicharacter character literal (potential portability problem)
  	{ '控',
..\SYSTEM\words\words.c(166): warning:  #2548-D: multicharacter character literal (potential portability problem)
  	{ '台',
..\SYSTEM\words\words.c(171): warning:  #2548-D: multicharacter character literal (potential portability problem)
  	{ '模',
..\SYSTEM\words\words.c(176): warning:  #2548-D: multicharacter character literal (potential portability problem)
  	{ '式',
..\SYSTEM\words\words.c(181): warning:  #2548-D: multicharacter character literal (potential portability problem)
  	{ '锁',
..\SYSTEM\words\words.c(186): warning:  #2548-D: multicharacter character literal (potential portability problem)
  	{ '轴',
..\SYSTEM\words\words.c(191): warning:  #2548-D: multicharacter character literal (potential portability problem)
  	{ '叶',
..\SYSTEM\words\words.c(196): warning:  #2548-D: multicharacter character literal (potential portability problem)
  	{ '昭',
..\SYSTEM\words\words.c(201): warning:  #2548-D: multicharacter character literal (potential portability problem)
  	{ '廷',
..\SYSTEM\words\words.c(206): warning:  #2548-D: multicharacter character literal (potential portability problem)
  	{ '□',
..\SYSTEM\words\words.c(211): warning:  #2548-D: multicharacter character literal (potential portability problem)
  	{ '热',
..\SYSTEM\words\words.c(217): warning:  #2548-D: multicharacter character literal (potential portability problem)
  	{ '量',
..\SYSTEM\words\words.c(222): warning:  #2548-D: multicharacter character literal (potential portability problem)
  	{ '限',
..\SYSTEM\words\words.c(227): warning:  #2548-D: multicharacter character literal (potential portability problem)
  	{ '制',
..\SYSTEM\words\words.c: 24 warnings, 0 errors
compiling CRC.c...
compiling RefereeDeal.c...
..\REFEREE\RefereeDeal.c(15): warning:  #177-D: variable "Usart6_Tx"  was declared but never referenced
  static uint8_t Usart6_Tx[USART6_TX_LEN] = {0};
..\REFEREE\RefereeDeal.c: 1 warning, 0 errors
compiling UserReferee.c...
..\REFEREE\UserReferee.c(111): warning:  #940-D: missing return statement at end of non-void function "SendUserData" 
  }
..\REFEREE\UserReferee.c(52): warning:  #177-D: variable "Clock"  was declared but never referenced
      uint16_t Clock = 0;
..\REFEREE\UserReferee.c: 2 warnings, 0 errors
linking...
Program Size: Code=59964 RO-data=5888 RW-data=420 ZI-data=32276  
FromELF: creating hex file...
"Test_H7\Test_H7.axf" - 0 Error(s), 45 Warning(s).
Build Time Elapsed:  00:09:12
